Desktop/app/build/intermediates/manifest_merge_blame_file/debug/manifest-merger-blame-debug-report.txt
1<?xml version="1.0" encoding="utf-8"?>
2<manifest xmlns:android="http://schemas.android.com/apk/res/android"
3    package="com.reactive.secretcamera"
4    android:versionCode="1"
5    android:versionName="1.0" >
6
7    <uses-sdk
8        android:minSdkVersion="23"
8-->src/main/AndroidManifest.xml
9        android:targetSdkVersion="30" />
9-->src/main/AndroidManifest.xml
10
11    <uses-permission android:name="android.permission.WRITE_EXTERNAL_STORAGE" />
11-->src/main/AndroidManifest.xml:5:5-80
11-->src/main/AndroidManifest.xml:5:22-78
12    <uses-permission android:name="android.permission.CAMERA" />
12-->src/main/AndroidManifest.xml:6:5-64
12-->src/main/AndroidManifest.xml:6:22-62
13
14    <uses-feature android:name="android.hardware.camera" />
14-->src/main/AndroidManifest.xml:7:5-59
14-->src/main/AndroidManifest.xml:7:19-57
15
16    <uses-permission android:name="android.permission.FOREGROUND_SERVICE" />
16-->src/main/AndroidManifest.xml:8:5-76
16-->src/main/AndroidManifest.xml:8:22-74
17
18    <application
18-->src/main/AndroidManifest.xml:10:5-37:19
19        android:allowBackup="true"
19-->src/main/AndroidManifest.xml:11:9-35
20        android:appComponentFactory="androidx.core.app.CoreComponentFactory"
20-->[androidx.core:core:1.3.1] AndroidManifest.xml:24:18-86
21        android:debuggable="true"
22        android:extractNativeLibs="false"
23        android:icon="@drawable/accident"
23-->src/main/AndroidManifest.xml:12:9-42
24        android:label="@string/app_name"
24-->src/main/AndroidManifest.xml:13:9-41
25        android:requestLegacyExternalStorage="true"
25-->src/main/AndroidManifest.xml:17:9-52
26        android:roundIcon="@drawable/accident"
26-->src/main/AndroidManifest.xml:14:9-47
27        android:supportsRtl="true"
27-->src/main/AndroidManifest.xml:15:9-35
28        android:theme="@style/Theme.SecretCamera" >
28-->src/main/AndroidManifest.xml:16:9-50
29        <activity
29-->src/main/AndroidManifest.xml:19:9-21:20
30            android:name="com.reactive.secretcamera.activities.MainActivity"
30-->src/main/AndroidManifest.xml:19:19-58
31            android:configChanges="keyboardHidden|orientation|screenSize" >
31-->src/main/AndroidManifest.xml:19:59-120
32        </activity>
33        <activity
33-->src/main/AndroidManifest.xml:23:9-30:20
34            android:name="com.reactive.secretcamera.activities.StartActivity"
34-->src/main/AndroidManifest.xml:23:19-59
35            android:configChanges="keyboardHidden|orientation|screenSize" >
35-->src/main/AndroidManifest.xml:24:13-74
36            <intent-filter>
36-->src/main/AndroidManifest.xml:26:13-29:29
37                <action android:name="android.intent.action.MAIN" />
37-->src/main/AndroidManifest.xml:27:17-68
37-->src/main/AndroidManifest.xml:27:25-66
38
39                <category android:name="android.intent.category.LAUNCHER" />
39-->src/main/AndroidManifest.xml:28:17-76
39-->src/main/AndroidManifest.xml:28:27-74
40            </intent-filter>
41        </activity>
42
43        <service
43-->src/main/AndroidManifest.xml:32:9-35:15
44            android:name="com.reactive.secretcamera.services.SecretCamService"
44-->src/main/AndroidManifest.xml:33:13-54
45            android:permission="android.permission.BIND_JOB_SERVICE" />
45-->src/main/AndroidManifest.xml:34:13-69
46    </application>
47
48</manifest>